<?xml version="1.0" encoding="UTF-8"?>
<testsuite name="SimpleWebTest" tests="1" skipped="0" failures="0" errors="0" timestamp="2026-05-09T19:37:06" hostname="DESKTOP-KSENIYA" time="15.141">
  <properties/>
  <testcase name="firstWebTest()" classname="SimpleWebTest" time="15.141"/>
  <system-out><![CDATA[]]></system-out>
  <system-err><![CDATA[SLF4J: No SLF4J providers were found.
SLF4J: Defaulting to no-operation (NOP) logger implementation
SLF4J: See https://www.slf4j.org/codes.html#noProviders for further details.
SLF4J: Class path contains SLF4J bindings targeting slf4j-api versions 1.7.x or earlier.
SLF4J: Ignoring binding found at [jar:file:/C:/Users/Honor/.gradle/caches/modules-2/files-2.1/org.slf4j/slf4j-simple/1.7.36/a41f9cfe6faafb2eb83a1c7dd2d0dfd844e2a936/slf4j-simple-1.7.36.jar!/org/slf4j/impl/StaticLoggerBinder.class]
SLF4J: See https://www.slf4j.org/codes.html#ignoredBindings for an explanation.
мая 09, 2026 10:37:09 PM org.openqa.selenium.devtools.CdpVersionFinder findNearestMatch
WARNING: Unable to find CDP implementation matching 147
мая 09, 2026 10:37:09 PM org.openqa.selenium.chromium.ChromiumDriver lambda$new$5
WARNING: Unable to find version of CDP to use for 147.0.7727.138. You may need to include a dependency on a specific version of the CDP using something similar to `org.seleniumhq.selenium:selenium-devtools-v86:4.11.0` where the version ("v86") matches the version of the chromium-based browser you're using and the version number of the artifact is the same as Selenium's.
]]></system-err>
</testsuite>
